2022-02-12 00:18:36 +03:00 [INF] User profile is available. Using 'C:\Users\Dmitry_Tolkachev\AppData\Local\ASP.NET\DataProtection-Keys' as key repository and Windows DPAPI to encrypt keys at rest.
2022-02-12 00:18:36 +03:00 [INF] Entity Framework Core 3.0.1 initialized 'AppDbContext' using provider 'Microsoft.EntityFrameworkCore.InMemory' with options: StoreName=InMemoryDb 
2022-02-12 00:18:36 +03:00 [INF] Saved 2 entities to in-memory store.
2022-02-12 00:18:36 +03:00 [INF] Application started. Press Ctrl+C to shut down.
2022-02-12 00:18:36 +03:00 [INF] Hosting environment: Development
2022-02-12 00:18:36 +03:00 [INF] Content root path: C:\Mentoring\Module 9 Logging\Logging\BrainstormSessions
2022-02-12 00:18:36 +03:00 [INF] Request starting HTTP/1.1 GET http://localhost:65526/  
2022-02-12 00:18:36 +03:00 [INF] Executing endpoint 'BrainstormSessions.Controllers.HomeController.Index (BrainstormSessions)'
2022-02-12 00:18:36 +03:00 [INF] Route matched with {action = "Index", controller = "Home"}. Executing controller action with signature System.Threading.Tasks.Task`1[Microsoft.AspNetCore.Mvc.IActionResult] Index() on controller BrainstormSessions.Controllers.HomeController (BrainstormSessions).
2022-02-12 00:18:39 +03:00 [INF] Getting Home/Index
2022-02-12 00:18:52 +03:00 [INF] Entity Framework Core 3.0.1 initialized 'AppDbContext' using provider 'Microsoft.EntityFrameworkCore.InMemory' with options: StoreName=InMemoryDb 
2022-02-12 00:18:52 +03:00 [INF] Executing ViewResult, running view Index.
2022-02-12 00:18:52 +03:00 [INF] Executed ViewResult - view Index executed in 132.8797ms.
2022-02-12 00:18:52 +03:00 [INF] Executed action BrainstormSessions.Controllers.HomeController.Index (BrainstormSessions) in 15687.2487ms
2022-02-12 00:18:52 +03:00 [INF] Executed endpoint 'BrainstormSessions.Controllers.HomeController.Index (BrainstormSessions)'
2022-02-12 00:18:52 +03:00 [INF] Request finished in 15753.8028ms 200 text/html; charset=utf-8
2022-02-12 00:18:52 +03:00 [INF] Request starting HTTP/1.1 GET http://localhost:65526/css/bootstrap.css  
2022-02-12 00:18:52 +03:00 [INF] Request starting HTTP/1.1 GET http://localhost:65526/js/jquery-2.2.0.js  
2022-02-12 00:18:52 +03:00 [INF] Request starting HTTP/1.1 GET http://localhost:65526/js/bootstrap.js  
2022-02-12 00:18:52 +03:00 [INF] Sending file. Request path: '/js/bootstrap.js'. Physical path: 'C:\Mentoring\Module 9 Logging\Logging\BrainstormSessions\wwwroot\js\bootstrap.js'
2022-02-12 00:18:52 +03:00 [INF] Sending file. Request path: '/css/bootstrap.css'. Physical path: 'C:\Mentoring\Module 9 Logging\Logging\BrainstormSessions\wwwroot\css\bootstrap.css'
2022-02-12 00:18:52 +03:00 [INF] Sending file. Request path: '/js/jquery-2.2.0.js'. Physical path: 'C:\Mentoring\Module 9 Logging\Logging\BrainstormSessions\wwwroot\js\jquery-2.2.0.js'
2022-02-12 00:18:52 +03:00 [INF] Request finished in 32.2798ms 200 text/css
2022-02-12 00:18:52 +03:00 [INF] Request finished in 32.3435ms 200 application/javascript
2022-02-12 00:18:52 +03:00 [INF] Request finished in 31.1464ms 200 application/javascript
2022-02-12 00:18:52 +03:00 [INF] Request starting HTTP/1.1 GET http://localhost:65526/js/knockout-3.4.2.js  
2022-02-12 00:18:52 +03:00 [INF] Sending file. Request path: '/js/knockout-3.4.2.js'. Physical path: 'C:\Mentoring\Module 9 Logging\Logging\BrainstormSessions\wwwroot\js\knockout-3.4.2.js'
2022-02-12 00:18:52 +03:00 [INF] Request finished in 3.0034ms 200 application/javascript
2022-02-12 00:18:52 +03:00 [INF] Request starting HTTP/1.1 GET http://localhost:65526/js/knockout.mapping.js  
2022-02-12 00:18:52 +03:00 [INF] Sending file. Request path: '/js/knockout.mapping.js'. Physical path: 'C:\Mentoring\Module 9 Logging\Logging\BrainstormSessions\wwwroot\js\knockout.mapping.js'
2022-02-12 00:18:52 +03:00 [INF] Request finished in 4.5566ms 200 application/javascript
2022-02-12 00:18:52 +03:00 [INF] Request starting HTTP/1.1 GET http://localhost:65526/favicon.ico  
2022-02-12 00:18:52 +03:00 [INF] Request finished in 2.3582ms 404 
2022-02-12 00:35:49 +03:00 [INF] User profile is available. Using 'C:\Users\Dmitry_Tolkachev\AppData\Local\ASP.NET\DataProtection-Keys' as key repository and Windows DPAPI to encrypt keys at rest.
2022-02-12 00:35:50 +03:00 [INF] Entity Framework Core 3.0.1 initialized 'AppDbContext' using provider 'Microsoft.EntityFrameworkCore.InMemory' with options: StoreName=InMemoryDb 
2022-02-12 00:35:50 +03:00 [INF] Saved 2 entities to in-memory store.
2022-02-12 00:35:50 +03:00 [INF] Application started. Press Ctrl+C to shut down.
2022-02-12 00:35:50 +03:00 [INF] Hosting environment: Development
2022-02-12 00:35:50 +03:00 [INF] Content root path: C:\Mentoring\Module 9 Logging\Logging\BrainstormSessions
2022-02-12 00:35:50 +03:00 [INF] Request starting HTTP/1.1 GET http://localhost:65526/  
2022-02-12 00:35:50 +03:00 [INF] Executing endpoint 'BrainstormSessions.Controllers.HomeController.Index (BrainstormSessions)'
2022-02-12 00:35:50 +03:00 [INF] Route matched with {action = "Index", controller = "Home"}. Executing controller action with signature System.Threading.Tasks.Task`1[Microsoft.AspNetCore.Mvc.IActionResult] Index() on controller BrainstormSessions.Controllers.HomeController (BrainstormSessions).
2022-02-12 00:35:53 +03:00 [INF] Getting Home/Index
2022-02-12 00:35:55 +03:00 [INF] Entity Framework Core 3.0.1 initialized 'AppDbContext' using provider 'Microsoft.EntityFrameworkCore.InMemory' with options: StoreName=InMemoryDb 
2022-02-12 00:35:55 +03:00 [INF] Executing ViewResult, running view Index.
2022-02-12 00:35:55 +03:00 [INF] Executed ViewResult - view Index executed in 143.7368ms.
2022-02-12 00:35:55 +03:00 [INF] Executed action BrainstormSessions.Controllers.HomeController.Index (BrainstormSessions) in 4731.3325ms
2022-02-12 00:35:55 +03:00 [INF] Executed endpoint 'BrainstormSessions.Controllers.HomeController.Index (BrainstormSessions)'
2022-02-12 00:35:55 +03:00 [INF] Request finished in 4769.4554ms 200 text/html; charset=utf-8
2022-02-12 00:35:55 +03:00 [INF] Request starting HTTP/1.1 GET http://localhost:65526/js/bootstrap.js  
2022-02-12 00:35:55 +03:00 [INF] Request starting HTTP/1.1 GET http://localhost:65526/css/bootstrap.css  
2022-02-12 00:35:55 +03:00 [INF] Request starting HTTP/1.1 GET http://localhost:65526/js/jquery-2.2.0.js  
2022-02-12 00:35:55 +03:00 [INF] Sending file. Request path: '/css/bootstrap.css'. Physical path: 'C:\Mentoring\Module 9 Logging\Logging\BrainstormSessions\wwwroot\css\bootstrap.css'
2022-02-12 00:35:55 +03:00 [INF] Sending file. Request path: '/js/bootstrap.js'. Physical path: 'C:\Mentoring\Module 9 Logging\Logging\BrainstormSessions\wwwroot\js\bootstrap.js'
2022-02-12 00:35:55 +03:00 [INF] Sending file. Request path: '/js/jquery-2.2.0.js'. Physical path: 'C:\Mentoring\Module 9 Logging\Logging\BrainstormSessions\wwwroot\js\jquery-2.2.0.js'
2022-02-12 00:35:55 +03:00 [INF] Request finished in 44.2916ms 200 text/css
2022-02-12 00:35:55 +03:00 [INF] Request finished in 44.2961ms 200 application/javascript
2022-02-12 00:35:55 +03:00 [INF] Request finished in 44.0387ms 200 application/javascript
2022-02-12 00:35:55 +03:00 [INF] Request starting HTTP/1.1 GET http://localhost:65526/js/knockout-3.4.2.js  
2022-02-12 00:35:55 +03:00 [INF] Request starting HTTP/1.1 GET http://localhost:65526/js/knockout.mapping.js  
2022-02-12 00:35:55 +03:00 [INF] Sending file. Request path: '/js/knockout-3.4.2.js'. Physical path: 'C:\Mentoring\Module 9 Logging\Logging\BrainstormSessions\wwwroot\js\knockout-3.4.2.js'
2022-02-12 00:35:55 +03:00 [INF] Sending file. Request path: '/js/knockout.mapping.js'. Physical path: 'C:\Mentoring\Module 9 Logging\Logging\BrainstormSessions\wwwroot\js\knockout.mapping.js'
2022-02-12 00:35:55 +03:00 [INF] Request finished in 4.7047ms 200 application/javascript
2022-02-12 00:35:55 +03:00 [INF] Request finished in 1.3775ms 200 application/javascript
2022-02-12 00:35:55 +03:00 [INF] Request starting HTTP/1.1 GET http://localhost:65526/favicon.ico  
2022-02-12 00:35:55 +03:00 [INF] Request finished in 2.3827ms 404 
2022-02-12 00:40:14 +03:00 [INF] User profile is available. Using 'C:\Users\Dmitry_Tolkachev\AppData\Local\ASP.NET\DataProtection-Keys' as key repository and Windows DPAPI to encrypt keys at rest.
2022-02-12 00:40:15 +03:00 [INF] Entity Framework Core 3.0.1 initialized 'AppDbContext' using provider 'Microsoft.EntityFrameworkCore.InMemory' with options: StoreName=InMemoryDb 
2022-02-12 00:40:15 +03:00 [INF] Saved 2 entities to in-memory store.
2022-02-12 00:40:15 +03:00 [INF] Application started. Press Ctrl+C to shut down.
2022-02-12 00:40:15 +03:00 [INF] Hosting environment: Development
2022-02-12 00:40:15 +03:00 [INF] Content root path: C:\Mentoring\Module 9 Logging\Logging\BrainstormSessions
2022-02-12 00:40:15 +03:00 [INF] Request starting HTTP/1.1 GET http://localhost:65526/  
2022-02-12 00:40:15 +03:00 [INF] Executing endpoint 'BrainstormSessions.Controllers.HomeController.Index (BrainstormSessions)'
2022-02-12 00:40:15 +03:00 [INF] Route matched with {action = "Index", controller = "Home"}. Executing controller action with signature System.Threading.Tasks.Task`1[Microsoft.AspNetCore.Mvc.IActionResult] Index() on controller BrainstormSessions.Controllers.HomeController (BrainstormSessions).
2022-02-12 00:40:18 +03:00 [INF] Getting Home/Index
2022-02-12 00:40:18 +03:00 [INF] Entity Framework Core 3.0.1 initialized 'AppDbContext' using provider 'Microsoft.EntityFrameworkCore.InMemory' with options: StoreName=InMemoryDb 
2022-02-12 00:40:18 +03:00 [INF] Executing ViewResult, running view Index.
2022-02-12 00:40:18 +03:00 [INF] Executed ViewResult - view Index executed in 127.3807ms.
2022-02-12 00:40:18 +03:00 [INF] Executed action BrainstormSessions.Controllers.HomeController.Index (BrainstormSessions) in 2769.3826ms
2022-02-12 00:40:18 +03:00 [INF] Executed endpoint 'BrainstormSessions.Controllers.HomeController.Index (BrainstormSessions)'
2022-02-12 00:40:18 +03:00 [INF] Request finished in 2815.9691ms 200 text/html; charset=utf-8
2022-02-12 00:40:18 +03:00 [INF] Request starting HTTP/1.1 GET http://localhost:65526/css/bootstrap.css  
2022-02-12 00:40:18 +03:00 [INF] Request starting HTTP/1.1 GET http://localhost:65526/js/jquery-2.2.0.js  
2022-02-12 00:40:18 +03:00 [INF] Request starting HTTP/1.1 GET http://localhost:65526/js/bootstrap.js  
2022-02-12 00:40:18 +03:00 [INF] Sending file. Request path: '/js/bootstrap.js'. Physical path: 'C:\Mentoring\Module 9 Logging\Logging\BrainstormSessions\wwwroot\js\bootstrap.js'
2022-02-12 00:40:18 +03:00 [INF] Sending file. Request path: '/css/bootstrap.css'. Physical path: 'C:\Mentoring\Module 9 Logging\Logging\BrainstormSessions\wwwroot\css\bootstrap.css'
2022-02-12 00:40:18 +03:00 [INF] Sending file. Request path: '/js/jquery-2.2.0.js'. Physical path: 'C:\Mentoring\Module 9 Logging\Logging\BrainstormSessions\wwwroot\js\jquery-2.2.0.js'
2022-02-12 00:40:18 +03:00 [INF] Request finished in 38.571ms 200 text/css
2022-02-12 00:40:18 +03:00 [INF] Request finished in 37.8306ms 200 application/javascript
2022-02-12 00:40:18 +03:00 [INF] Request finished in 37.8575ms 200 application/javascript
2022-02-12 00:40:18 +03:00 [INF] Request starting HTTP/1.1 GET http://localhost:65526/js/knockout-3.4.2.js  
2022-02-12 00:40:18 +03:00 [INF] Request starting HTTP/1.1 GET http://localhost:65526/js/knockout.mapping.js  
2022-02-12 00:40:18 +03:00 [INF] Sending file. Request path: '/js/knockout.mapping.js'. Physical path: 'C:\Mentoring\Module 9 Logging\Logging\BrainstormSessions\wwwroot\js\knockout.mapping.js'
2022-02-12 00:40:18 +03:00 [INF] Request finished in 1.7974ms 200 application/javascript
2022-02-12 00:40:18 +03:00 [INF] Sending file. Request path: '/js/knockout-3.4.2.js'. Physical path: 'C:\Mentoring\Module 9 Logging\Logging\BrainstormSessions\wwwroot\js\knockout-3.4.2.js'
2022-02-12 00:40:18 +03:00 [INF] Request finished in 4.7823ms 200 application/javascript
2022-02-12 00:40:18 +03:00 [INF] Request starting HTTP/1.1 GET http://localhost:65526/favicon.ico  
2022-02-12 00:40:18 +03:00 [INF] Request finished in 2.6565ms 404 
2022-02-12 00:43:14 +03:00 [INF] User profile is available. Using 'C:\Users\Dmitry_Tolkachev\AppData\Local\ASP.NET\DataProtection-Keys' as key repository and Windows DPAPI to encrypt keys at rest.
2022-02-12 00:43:14 +03:00 [INF] Entity Framework Core 3.0.1 initialized 'AppDbContext' using provider 'Microsoft.EntityFrameworkCore.InMemory' with options: StoreName=InMemoryDb 
2022-02-12 00:43:15 +03:00 [INF] Saved 2 entities to in-memory store.
2022-02-12 00:43:15 +03:00 [INF] Application started. Press Ctrl+C to shut down.
2022-02-12 00:43:15 +03:00 [INF] Hosting environment: Development
2022-02-12 00:43:15 +03:00 [INF] Content root path: C:\Mentoring\Module 9 Logging\Logging\BrainstormSessions
2022-02-12 00:43:15 +03:00 [INF] Request starting HTTP/1.1 GET http://localhost:65526/  
2022-02-12 00:43:15 +03:00 [INF] Executing endpoint 'BrainstormSessions.Controllers.HomeController.Index (BrainstormSessions)'
2022-02-12 00:43:15 +03:00 [INF] Route matched with {action = "Index", controller = "Home"}. Executing controller action with signature System.Threading.Tasks.Task`1[Microsoft.AspNetCore.Mvc.IActionResult] Index() on controller BrainstormSessions.Controllers.HomeController (BrainstormSessions).
2022-02-12 00:43:17 +03:00 [INF] Getting Home/Index
2022-02-12 00:43:17 +03:00 [INF] Entity Framework Core 3.0.1 initialized 'AppDbContext' using provider 'Microsoft.EntityFrameworkCore.InMemory' with options: StoreName=InMemoryDb 
2022-02-12 00:43:17 +03:00 [INF] Executing ViewResult, running view Index.
2022-02-12 00:43:17 +03:00 [INF] Executed ViewResult - view Index executed in 132.8853ms.
2022-02-12 00:43:17 +03:00 [INF] Executed action BrainstormSessions.Controllers.HomeController.Index (BrainstormSessions) in 2293.0493ms
2022-02-12 00:43:17 +03:00 [INF] Executed endpoint 'BrainstormSessions.Controllers.HomeController.Index (BrainstormSessions)'
2022-02-12 00:43:17 +03:00 [INF] Request finished in 2332.6594ms 200 text/html; charset=utf-8
2022-02-12 00:43:17 +03:00 [INF] Request starting HTTP/1.1 GET http://localhost:65526/css/bootstrap.css  
2022-02-12 00:43:17 +03:00 [INF] Request starting HTTP/1.1 GET http://localhost:65526/js/jquery-2.2.0.js  
2022-02-12 00:43:17 +03:00 [INF] Request starting HTTP/1.1 GET http://localhost:65526/js/bootstrap.js  
2022-02-12 00:43:17 +03:00 [INF] Sending file. Request path: '/js/jquery-2.2.0.js'. Physical path: 'C:\Mentoring\Module 9 Logging\Logging\BrainstormSessions\wwwroot\js\jquery-2.2.0.js'
2022-02-12 00:43:17 +03:00 [INF] Sending file. Request path: '/js/bootstrap.js'. Physical path: 'C:\Mentoring\Module 9 Logging\Logging\BrainstormSessions\wwwroot\js\bootstrap.js'
2022-02-12 00:43:17 +03:00 [INF] Sending file. Request path: '/css/bootstrap.css'. Physical path: 'C:\Mentoring\Module 9 Logging\Logging\BrainstormSessions\wwwroot\css\bootstrap.css'
2022-02-12 00:43:17 +03:00 [INF] Request finished in 38.7555ms 200 text/css
2022-02-12 00:43:17 +03:00 [INF] Request finished in 37.3367ms 200 application/javascript
2022-02-12 00:43:17 +03:00 [INF] Request finished in 37.0831ms 200 application/javascript
2022-02-12 00:43:17 +03:00 [INF] Request starting HTTP/1.1 GET http://localhost:65526/js/knockout-3.4.2.js  
2022-02-12 00:43:17 +03:00 [INF] Request starting HTTP/1.1 GET http://localhost:65526/js/knockout.mapping.js  
2022-02-12 00:43:17 +03:00 [INF] Sending file. Request path: '/js/knockout-3.4.2.js'. Physical path: 'C:\Mentoring\Module 9 Logging\Logging\BrainstormSessions\wwwroot\js\knockout-3.4.2.js'
2022-02-12 00:43:17 +03:00 [INF] Request finished in 4.6746ms 200 application/javascript
2022-02-12 00:43:17 +03:00 [INF] Sending file. Request path: '/js/knockout.mapping.js'. Physical path: 'C:\Mentoring\Module 9 Logging\Logging\BrainstormSessions\wwwroot\js\knockout.mapping.js'
2022-02-12 00:43:17 +03:00 [INF] Request finished in 1.62ms 200 application/javascript
2022-02-12 00:43:17 +03:00 [INF] Request starting HTTP/1.1 GET http://localhost:65526/favicon.ico  
2022-02-12 00:43:17 +03:00 [INF] Request finished in 2.7572ms 404 
2022-02-13 17:50:13 +03:00 [INF] Configuration finished, starting app
2022-02-13 17:50:14 +03:00 [DBG] Hosting starting
2022-02-13 17:50:14 +03:00 [INF] User profile is available. Using 'C:\Users\Dmitry_Tolkachev\AppData\Local\ASP.NET\DataProtection-Keys' as key repository and Windows DPAPI to encrypt keys at rest.
2022-02-13 17:50:14 +03:00 [DBG] Reading data from file 'C:\Users\Dmitry_Tolkachev\AppData\Local\ASP.NET\DataProtection-Keys\key-9f0f94b3-baf9-4e15-ad5a-04dc94ebc502.xml'.
2022-02-13 17:50:14 +03:00 [DBG] Reading data from file 'C:\Users\Dmitry_Tolkachev\AppData\Local\ASP.NET\DataProtection-Keys\key-da51f75e-77eb-448e-af0a-a20d48b77c41.xml'.
2022-02-13 17:50:14 +03:00 [DBG] Found key {9f0f94b3-baf9-4e15-ad5a-04dc94ebc502}.
2022-02-13 17:50:14 +03:00 [DBG] Found key {da51f75e-77eb-448e-af0a-a20d48b77c41}.
2022-02-13 17:50:14 +03:00 [DBG] Considering key {9f0f94b3-baf9-4e15-ad5a-04dc94ebc502} with expiration date 2022-04-17 08:14:25Z as default key.
2022-02-13 17:50:14 +03:00 [DBG] Forwarded activator type request from Microsoft.AspNetCore.DataProtection.XmlEncryption.DpapiXmlDecryptor, Microsoft.AspNetCore.DataProtection, Version=5.0.0.0, Culture=neutral, PublicKeyToken=adb9793829ddae60 to Microsoft.AspNetCore.DataProtection.XmlEncryption.DpapiXmlDecryptor, Microsoft.AspNetCore.DataProtection, Culture=neutral, PublicKeyToken=adb9793829ddae60
2022-02-13 17:50:14 +03:00 [DBG] Decrypting secret element using Windows DPAPI.
2022-02-13 17:50:14 +03:00 [DBG] Forwarded activator type request from Microsoft.AspNetCore.DataProtection.AuthenticatedEncryption.ConfigurationModel.AuthenticatedEncryptorDescriptorDeserializer, Microsoft.AspNetCore.DataProtection, Version=5.0.0.0, Culture=neutral, PublicKeyToken=adb9793829ddae60 to Microsoft.AspNetCore.DataProtection.AuthenticatedEncryption.ConfigurationModel.AuthenticatedEncryptorDescriptorDeserializer, Microsoft.AspNetCore.DataProtection, Culture=neutral, PublicKeyToken=adb9793829ddae60
2022-02-13 17:50:14 +03:00 [DBG] Opening CNG algorithm 'AES' from provider 'null' with chaining mode CBC.
2022-02-13 17:50:14 +03:00 [DBG] Opening CNG algorithm 'SHA256' from provider 'null' with HMAC.
2022-02-13 17:50:14 +03:00 [DBG] Using key {9f0f94b3-baf9-4e15-ad5a-04dc94ebc502} as the default key.
2022-02-13 17:50:14 +03:00 [DBG] Key ring with default key {9f0f94b3-baf9-4e15-ad5a-04dc94ebc502} was loaded during application startup.
2022-02-13 17:50:14 +03:00 [DBG] An 'IServiceProvider' was created for internal use by Entity Framework.
2022-02-13 17:50:14 +03:00 [DBG] The property 'BrainstormSessionId' on entity type 'Idea' was created in shadow state because there are no eligible CLR members with a matching name.
2022-02-13 17:50:14 +03:00 [INF] Entity Framework Core 3.0.1 initialized 'AppDbContext' using provider 'Microsoft.EntityFrameworkCore.InMemory' with options: StoreName=InMemoryDb 
2022-02-13 17:50:14 +03:00 [DBG] (queryContext) => new QueryingEnumerable<BrainstormSession>(
    queryContext, 
    Select<ValueBuffer, ValueBuffer>(
        source: OrderByDescending<ValueBuffer, DateTimeOffset>(
            source: Table(
                queryContext: queryContext, 
                entityType: EntityType: BrainstormSession), 
            keySelector: (valueBuffer) => TryReadValue<DateTimeOffset>(valueBuffer, 1, Property: BrainstormSession.DateCreated (DateTimeOffset) Required)), 
        selector: (valueBuffer) => new ValueBuffer(new object[]
        { 
            (object)TryReadValue<int>(valueBuffer, 0, Property: BrainstormSession.Id (int) Required PK AfterSave:Throw ValueGenerated.OnAdd), 
            (object)TryReadValue<DateTimeOffset>(valueBuffer, 1, Property: BrainstormSession.DateCreated (DateTimeOffset) Required), 
            TryReadValue<string>(valueBuffer, 2, Property: BrainstormSession.Name (string)), 
            Select<ValueBuffer, ValueBuffer>(
                source: Where<ValueBuffer>(
                    source: Table(
                        queryContext: queryContext, 
                        entityType: EntityType: Idea), 
                    predicate: (valueBuffer) => (Nullable<int>)TryReadValue<int>(valueBuffer, 0, Property: BrainstormSession.Id (int) Required PK AfterSave:Throw ValueGenerated.OnAdd) == TryReadValue<Nullable<int>>(valueBuffer, 1, Property: Idea.BrainstormSessionId (no field, Nullable<int>) Shadow FK Index)), 
                selector: (valueBuffer) => new ValueBuffer(new object[]
                { 
                    (object)TryReadValue<int>(valueBuffer, 0, Property: Idea.Id (int) Required PK AfterSave:Throw ValueGenerated.OnAdd), 
                    (object)TryReadValue<Nullable<int>>(valueBuffer, 1, Property: Idea.BrainstormSessionId (no field, Nullable<int>) Shadow FK Index), 
                    (object)TryReadValue<DateTimeOffset>(valueBuffer, 2, Property: Idea.DateCreated (DateTimeOffset) Required), 
                    TryReadValue<string>(valueBuffer, 3, Property: Idea.Description (string)), 
                    TryReadValue<string>(valueBuffer, 4, Property: Idea.Name (string)) 
                })) 
        })), 
    Func<QueryContext, ValueBuffer, BrainstormSession>, 
    BrainstormSessions.Infrastructure.AppDbContext, 
    DiagnosticsLogger<Query>
)
2022-02-13 17:50:14 +03:00 [DBG] 'AppDbContext' generated a value for the 'Id' property of new 'BrainstormSession' entity. Consider using 'DbContextOptionsBuilder.EnableSensitiveDataLogging' to see key values.
2022-02-13 17:50:14 +03:00 [DBG] Context 'AppDbContext' started tracking 'BrainstormSession' entity. Consider using 'DbContextOptionsBuilder.EnableSensitiveDataLogging' to see key values.
2022-02-13 17:50:14 +03:00 [DBG] 'AppDbContext' generated a value for the 'Id' property of new 'Idea' entity. Consider using 'DbContextOptionsBuilder.EnableSensitiveDataLogging' to see key values.
2022-02-13 17:50:14 +03:00 [DBG] Context 'AppDbContext' started tracking 'Idea' entity. Consider using 'DbContextOptionsBuilder.EnableSensitiveDataLogging' to see key values.
2022-02-13 17:50:14 +03:00 [DBG] SaveChanges starting for 'AppDbContext'.
2022-02-13 17:50:14 +03:00 [DBG] DetectChanges starting for 'AppDbContext'.
2022-02-13 17:50:14 +03:00 [DBG] DetectChanges completed for 'AppDbContext'.
2022-02-13 17:50:14 +03:00 [INF] Saved 2 entities to in-memory store.
2022-02-13 17:50:14 +03:00 [DBG] An 'BrainstormSession' entity tracked by 'AppDbContext' changed from '"Added"' to '"Unchanged"'. Consider using 'DbContextOptionsBuilder.EnableSensitiveDataLogging' to see key values.
2022-02-13 17:50:14 +03:00 [DBG] An 'Idea' entity tracked by 'AppDbContext' changed from '"Added"' to '"Unchanged"'. Consider using 'DbContextOptionsBuilder.EnableSensitiveDataLogging' to see key values.
2022-02-13 17:50:14 +03:00 [DBG] SaveChanges completed for 'AppDbContext' with 2 entities written to the database.
2022-02-13 17:50:14 +03:00 [DBG] 'AppDbContext' disposed.
2022-02-13 17:50:14 +03:00 [DBG] Failed to locate the development https certificate at 'null'.
2022-02-13 17:50:15 +03:00 [DBG] Using development certificate: CN=localhost (Thumbprint: 6059E359D2C87A56DED173C465A593F4994B1603)
2022-02-13 17:50:15 +03:00 [INF] Now listening on: https://localhost:5001
2022-02-13 17:50:15 +03:00 [INF] Now listening on: http://localhost:5000
2022-02-13 17:50:15 +03:00 [DBG] Loaded hosting startup assembly BrainstormSessions
2022-02-13 17:50:15 +03:00 [INF] Application started. Press Ctrl+C to shut down.
2022-02-13 17:50:15 +03:00 [INF] Hosting environment: Development
2022-02-13 17:50:15 +03:00 [INF] Content root path: C:\Mentoring\Module 9 Logging\Logging\BrainstormSessions
2022-02-13 17:50:15 +03:00 [DBG] Hosting started
2022-02-13 17:50:15 +03:00 [DBG] Connection id "0HMFF00ILF1DB" accepted.
2022-02-13 17:50:15 +03:00 [DBG] Connection id "0HMFF00ILF1DC" accepted.
2022-02-13 17:50:15 +03:00 [DBG] Connection id "0HMFF00ILF1DB" started.
2022-02-13 17:50:15 +03:00 [DBG] Connection id "0HMFF00ILF1DC" started.
2022-02-13 17:50:15 +03:00 [DBG] Connection id "0HMFF00ILF1DC" received FIN.
2022-02-13 17:50:15 +03:00 [DBG] Connection id "0HMFF00ILF1DB" received FIN.
2022-02-13 17:50:15 +03:00 [DBG] Failed to authenticate HTTPS connection.
System.IO.IOException: Authentication failed because the remote party has closed the transport stream.
   at System.Net.Security.SslStream.StartReadFrame(Byte[] buffer, Int32 readBytes, AsyncProtocolRequest asyncRequest)
   at System.Net.Security.SslStream.PartialFrameCallback(AsyncProtocolRequest asyncRequest)
--- End of stack trace from previous location where exception was thrown ---
   at System.Net.Security.SslStream.ThrowIfExceptional()
   at System.Net.Security.SslStream.InternalEndProcessAuthentication(LazyAsyncResult lazyResult)
   at System.Net.Security.SslStream.EndProcessAuthentication(IAsyncResult result)
   at System.Net.Security.SslStream.EndAuthenticateAsServer(IAsyncResult asyncResult)
   at System.Net.Security.SslStream.<>c.<AuthenticateAsServerAsync>b__69_1(IAsyncResult iar)
   at System.Threading.Tasks.TaskFactory`1.FromAsyncCoreLogic(IAsyncResult iar, Func`2 endFunction, Action`1 endAction, Task`1 promise, Boolean requiresSynchronization)
--- End of stack trace from previous location where exception was thrown ---
   at Microsoft.AspNetCore.Server.Kestrel.Https.Internal.HttpsConnectionMiddleware.InnerOnConnectionAsync(ConnectionContext context)
2022-02-13 17:50:15 +03:00 [DBG] Failed to authenticate HTTPS connection.
System.IO.IOException: Authentication failed because the remote party has closed the transport stream.
   at System.Net.Security.SslStream.StartReadFrame(Byte[] buffer, Int32 readBytes, AsyncProtocolRequest asyncRequest)
   at System.Net.Security.SslStream.PartialFrameCallback(AsyncProtocolRequest asyncRequest)
--- End of stack trace from previous location where exception was thrown ---
   at System.Net.Security.SslStream.ThrowIfExceptional()
   at System.Net.Security.SslStream.InternalEndProcessAuthentication(LazyAsyncResult lazyResult)
   at System.Net.Security.SslStream.EndProcessAuthentication(IAsyncResult result)
   at System.Net.Security.SslStream.EndAuthenticateAsServer(IAsyncResult asyncResult)
   at System.Net.Security.SslStream.<>c.<AuthenticateAsServerAsync>b__69_1(IAsyncResult iar)
   at System.Threading.Tasks.TaskFactory`1.FromAsyncCoreLogic(IAsyncResult iar, Func`2 endFunction, Action`1 endAction, Task`1 promise, Boolean requiresSynchronization)
--- End of stack trace from previous location where exception was thrown ---
   at Microsoft.AspNetCore.Server.Kestrel.Https.Internal.HttpsConnectionMiddleware.InnerOnConnectionAsync(ConnectionContext context)
2022-02-13 17:50:15 +03:00 [DBG] Connection id "0HMFF00ILF1DB" stopped.
2022-02-13 17:50:15 +03:00 [DBG] Connection id "0HMFF00ILF1DC" stopped.
2022-02-13 17:50:15 +03:00 [DBG] Connection id "0HMFF00ILF1DC" sending FIN because: "The Socket transport's send loop completed gracefully."
2022-02-13 17:50:15 +03:00 [DBG] Connection id "0HMFF00ILF1DB" sending FIN because: "The Socket transport's send loop completed gracefully."
2022-02-13 17:50:17 +03:00 [DBG] Connection id "0HMFF00ILF1DD" accepted.
2022-02-13 17:50:17 +03:00 [DBG] Connection id "0HMFF00ILF1DD" started.
2022-02-13 17:50:17 +03:00 [DBG] Connection id "0HMFF00ILF1DE" accepted.
2022-02-13 17:50:17 +03:00 [DBG] Connection id "0HMFF00ILF1DE" started.
2022-02-13 17:50:17 +03:00 [DBG] Connection id "0HMFF00ILF1DE" received FIN.
2022-02-13 17:50:17 +03:00 [DBG] Connection id "0HMFF00ILF1DE" is closed. The last processed stream ID was 0.
2022-02-13 17:50:17 +03:00 [DBG] Connection id "0HMFF00ILF1DE" sending FIN because: "The client closed the connection."
2022-02-13 17:50:17 +03:00 [DBG] Connection id "0HMFF00ILF1DE" stopped.
2022-02-13 17:50:17 +03:00 [INF] Request starting HTTP/2 GET https://localhost:5001/  
2022-02-13 17:50:17 +03:00 [DBG] Wildcard detected, all requests with hosts will be allowed.
2022-02-13 17:50:17 +03:00 [DBG] The request path / does not match a supported file type
2022-02-13 17:50:17 +03:00 [DBG] 1 candidate(s) found for the request path '/'
2022-02-13 17:50:17 +03:00 [DBG] Endpoint 'BrainstormSessions.Controllers.HomeController.Index (BrainstormSessions)' with route pattern '{controller=Home}/{action=Index}/{id?}' is valid for the request path '/'
2022-02-13 17:50:17 +03:00 [DBG] Request matched endpoint 'BrainstormSessions.Controllers.HomeController.Index (BrainstormSessions)'
2022-02-13 17:50:17 +03:00 [INF] Executing endpoint 'BrainstormSessions.Controllers.HomeController.Index (BrainstormSessions)'
2022-02-13 17:50:17 +03:00 [DBG] Registered model binder providers, in the following order: ["Microsoft.AspNetCore.Mvc.ModelBinding.Binders.BinderTypeModelBinderProvider","Microsoft.AspNetCore.Mvc.ModelBinding.Binders.ServicesModelBinderProvider","Microsoft.AspNetCore.Mvc.ModelBinding.Binders.BodyModelBinderProvider","Microsoft.AspNetCore.Mvc.ModelBinding.Binders.HeaderModelBinderProvider","Microsoft.AspNetCore.Mvc.ModelBinding.Binders.FloatingPointTypeModelBinderProvider","Microsoft.AspNetCore.Mvc.ModelBinding.Binders.EnumTypeModelBinderProvider","Microsoft.AspNetCore.Mvc.ModelBinding.Binders.SimpleTypeModelBinderProvider","Microsoft.AspNetCore.Mvc.ModelBinding.Binders.CancellationTokenModelBinderProvider","Microsoft.AspNetCore.Mvc.ModelBinding.Binders.ByteArrayModelBinderProvider","Microsoft.AspNetCore.Mvc.ModelBinding.Binders.FormFileModelBinderProvider","Microsoft.AspNetCore.Mvc.ModelBinding.Binders.FormCollectionModelBinderProvider","Microsoft.AspNetCore.Mvc.ModelBinding.Binders.KeyValuePairModelBinderProvider","Microsoft.AspNetCore.Mvc.ModelBinding.Binders.DictionaryModelBinderProvider","Microsoft.AspNetCore.Mvc.ModelBinding.Binders.ArrayModelBinderProvider","Microsoft.AspNetCore.Mvc.ModelBinding.Binders.CollectionModelBinderProvider","Microsoft.AspNetCore.Mvc.ModelBinding.Binders.ComplexTypeModelBinderProvider"]
2022-02-13 17:50:17 +03:00 [INF] Route matched with {action = "Index", controller = "Home"}. Executing controller action with signature System.Threading.Tasks.Task`1[Microsoft.AspNetCore.Mvc.IActionResult] Index() on controller BrainstormSessions.Controllers.HomeController (BrainstormSessions).
2022-02-13 17:50:17 +03:00 [DBG] Execution plan of authorization filters (in the following order): ["None"]
2022-02-13 17:50:17 +03:00 [DBG] Execution plan of resource filters (in the following order): ["Microsoft.AspNetCore.Mvc.ViewFeatures.Filters.SaveTempDataFilter"]
2022-02-13 17:50:17 +03:00 [DBG] Execution plan of action filters (in the following order): ["Microsoft.AspNetCore.Mvc.Filters.ControllerActionFilter (Order: -2147483648)","Microsoft.AspNetCore.Mvc.ModelBinding.UnsupportedContentTypeFilter (Order: -3000)"]
2022-02-13 17:50:17 +03:00 [DBG] Execution plan of exception filters (in the following order): ["None"]
2022-02-13 17:50:17 +03:00 [DBG] Execution plan of result filters (in the following order): ["Microsoft.AspNetCore.Mvc.ViewFeatures.Filters.SaveTempDataFilter"]
2022-02-13 17:50:17 +03:00 [DBG] Executing controller factory for controller BrainstormSessions.Controllers.HomeController (BrainstormSessions)
2022-02-13 17:50:17 +03:00 [DBG] Executed controller factory for controller BrainstormSessions.Controllers.HomeController (BrainstormSessions)
2022-02-13 17:50:17 +03:00 [INF] Getting Home/Index
2022-02-13 17:50:17 +03:00 [INF] Entity Framework Core 3.0.1 initialized 'AppDbContext' using provider 'Microsoft.EntityFrameworkCore.InMemory' with options: StoreName=InMemoryDb 
2022-02-13 17:50:17 +03:00 [DBG] Context 'AppDbContext' started tracking 'BrainstormSession' entity. Consider using 'DbContextOptionsBuilder.EnableSensitiveDataLogging' to see key values.
2022-02-13 17:50:17 +03:00 [DBG] Context 'AppDbContext' started tracking 'Idea' entity. Consider using 'DbContextOptionsBuilder.EnableSensitiveDataLogging' to see key values.
2022-02-13 17:50:17 +03:00 [DBG] Initializing Razor view compiler with compiled view: '/Views/Home/Index.cshtml'.
2022-02-13 17:50:17 +03:00 [DBG] Initializing Razor view compiler with compiled view: '/Views/Session/Index.cshtml'.
2022-02-13 17:50:17 +03:00 [DBG] Initializing Razor view compiler with compiled view: '/Views/Shared/_Layout.cshtml'.
2022-02-13 17:50:17 +03:00 [DBG] Initializing Razor view compiler with compiled view: '/Views/Shared/_ViewImports.cshtml'.
2022-02-13 17:50:17 +03:00 [DBG] View lookup cache miss for view 'Index' in controller 'Home'.
2022-02-13 17:50:17 +03:00 [INF] Executing ViewResult, running view Index.
2022-02-13 17:50:17 +03:00 [DBG] The view path '/Views/Home/Index.cshtml' was found in 4.0827ms.
2022-02-13 17:50:17 +03:00 [DBG] Found the endpoints ["Route: {controller=Home}/{action=Index}/{id?}"] for address Microsoft.AspNetCore.Routing.RouteValuesAddress
2022-02-13 17:50:17 +03:00 [DBG] Successfully processed template {controller=Home}/{action=Index}/{id?} for Route: {controller=Home}/{action=Index}/{id?} resulting in /Session/Index/1 and 
2022-02-13 17:50:17 +03:00 [DBG] Link generation succeeded for endpoints ["Route: {controller=Home}/{action=Index}/{id?}"] with result /Session/Index/1
2022-02-13 17:50:17 +03:00 [DBG] View lookup cache miss for view '_Layout' in controller 'Home'.
2022-02-13 17:50:17 +03:00 [INF] Executed ViewResult - view Index executed in 140.6027ms.
2022-02-13 17:50:17 +03:00 [INF] Executed action BrainstormSessions.Controllers.HomeController.Index (BrainstormSessions) in 181.585ms
2022-02-13 17:50:17 +03:00 [INF] Executed endpoint 'BrainstormSessions.Controllers.HomeController.Index (BrainstormSessions)'
2022-02-13 17:50:17 +03:00 [DBG] 'AppDbContext' disposed.
2022-02-13 17:50:17 +03:00 [INF] Request finished in 234.0842ms 200 text/html; charset=utf-8
2022-02-13 17:50:17 +03:00 [INF] Request starting HTTP/2 GET https://localhost:5001/js/jquery-2.2.0.js  
2022-02-13 17:50:17 +03:00 [INF] Request starting HTTP/2 GET https://localhost:5001/js/knockout-3.4.2.js  
2022-02-13 17:50:17 +03:00 [INF] Request starting HTTP/2 GET https://localhost:5001/css/bootstrap.css  
2022-02-13 17:50:17 +03:00 [INF] Request starting HTTP/2 GET https://localhost:5001/js/knockout.mapping.js  
2022-02-13 17:50:17 +03:00 [INF] Request starting HTTP/2 GET https://localhost:5001/js/bootstrap.js  
2022-02-13 17:50:17 +03:00 [INF] Sending file. Request path: '/js/bootstrap.js'. Physical path: 'C:\Mentoring\Module 9 Logging\Logging\BrainstormSessions\wwwroot\js\bootstrap.js'
2022-02-13 17:50:17 +03:00 [INF] Sending file. Request path: '/js/knockout-3.4.2.js'. Physical path: 'C:\Mentoring\Module 9 Logging\Logging\BrainstormSessions\wwwroot\js\knockout-3.4.2.js'
2022-02-13 17:50:17 +03:00 [INF] Sending file. Request path: '/js/knockout.mapping.js'. Physical path: 'C:\Mentoring\Module 9 Logging\Logging\BrainstormSessions\wwwroot\js\knockout.mapping.js'
2022-02-13 17:50:17 +03:00 [INF] Request finished in 33.497ms 200 application/javascript
2022-02-13 17:50:17 +03:00 [INF] Request finished in 33.5097ms 200 application/javascript
2022-02-13 17:50:17 +03:00 [INF] Request finished in 33.4998ms 200 application/javascript
2022-02-13 17:50:17 +03:00 [INF] Sending file. Request path: '/css/bootstrap.css'. Physical path: 'C:\Mentoring\Module 9 Logging\Logging\BrainstormSessions\wwwroot\css\bootstrap.css'
2022-02-13 17:50:17 +03:00 [INF] Request finished in 34.718ms 200 text/css
2022-02-13 17:50:17 +03:00 [INF] Sending file. Request path: '/js/jquery-2.2.0.js'. Physical path: 'C:\Mentoring\Module 9 Logging\Logging\BrainstormSessions\wwwroot\js\jquery-2.2.0.js'
2022-02-13 17:50:17 +03:00 [INF] Request finished in 37.9793ms 200 application/javascript
2022-02-13 17:50:17 +03:00 [INF] Request starting HTTP/2 GET https://localhost:5001/favicon.ico  
2022-02-13 17:50:17 +03:00 [DBG] The request path /favicon.ico does not match an existing file
2022-02-13 17:50:17 +03:00 [DBG] No candidates found for the request path '/favicon.ico'
2022-02-13 17:50:17 +03:00 [DBG] Request did not match any endpoints
2022-02-13 17:50:17 +03:00 [INF] Request finished in 2.7543ms 404 
2022-02-13 17:50:19 +03:00 [DBG] Connection id "0HMFF00ILF1DD" received FIN.
2022-02-13 17:50:19 +03:00 [DBG] Connection id "0HMFF00ILF1DD" is closed. The last processed stream ID was 13.
