2/6/2022 7:21:14 PM	This log contains information about the import schema operation into project 'Database1' on computer 'EPBYMINW09AD' by user 'Dmitry_Tolkachev'.
2/6/2022 7:21:14 PM	Import of database schema has started.
2/6/2022 7:21:17 PM	Gathering database credentials
2/6/2022 7:21:17 PM	Gathering database options
2/6/2022 7:21:17 PM	Gathering users
2/6/2022 7:21:17 PM	Gathering roles
2/6/2022 7:21:17 PM	Gathering application roles
2/6/2022 7:21:17 PM	Gathering role memberships
2/6/2022 7:21:17 PM	Gathering filegroups
2/6/2022 7:21:17 PM	Gathering full-text catalogs
2/6/2022 7:21:17 PM	Gathering assemblies
2/6/2022 7:21:17 PM	Gathering certificates
2/6/2022 7:21:17 PM	Gathering asymmetric keys
2/6/2022 7:21:17 PM	Gathering symmetric keys
2/6/2022 7:21:17 PM	Gathering encrypted symmetric keys
2/6/2022 7:21:17 PM	Gathering schemas
2/6/2022 7:21:17 PM	Gathering XML schema collections
2/6/2022 7:21:17 PM	Gathering user-defined data types
2/6/2022 7:21:17 PM	Gathering user-defined types
2/6/2022 7:21:17 PM	Gathering table types
2/6/2022 7:21:17 PM	Gathering unique keys for table types
2/6/2022 7:21:17 PM	Gathering primary keys for table types
2/6/2022 7:21:17 PM	Gathering indexes for table types
2/6/2022 7:21:17 PM	Gathering check constraints for table types
2/6/2022 7:21:17 PM	Gathering default constraints for table types
2/6/2022 7:21:17 PM	Gathering partition functions
2/6/2022 7:21:17 PM	Gathering partition schemes
2/6/2022 7:21:18 PM	Gathering functions
2/6/2022 7:21:18 PM	Gathering encrypted functions
2/6/2022 7:21:18 PM	Gathering aggregates
2/6/2022 7:21:18 PM	Gathering procedures
2/6/2022 7:21:18 PM	Gathering encrypted procedures
2/6/2022 7:21:18 PM	Gathering tables
2/6/2022 7:21:18 PM	Gathering primary keys
2/6/2022 7:21:18 PM	Gathering unique constraints
2/6/2022 7:21:18 PM	Gathering foreign keys
2/6/2022 7:21:18 PM	Gathering default constraints
2/6/2022 7:21:18 PM	Gathering check constraints
2/6/2022 7:21:18 PM	Gathering views
2/6/2022 7:21:18 PM	Gathering encrypted views
2/6/2022 7:21:18 PM	Gathering indexes
2/6/2022 7:21:18 PM	Gathering statistics
2/6/2022 7:21:18 PM	Gathering full-text index stoplists
2/6/2022 7:21:18 PM	Gathering search property lists
2/6/2022 7:21:18 PM	Gathering search properties
2/6/2022 7:21:18 PM	Gathering full-text indexes
2/6/2022 7:21:18 PM	Gathering column store indexes
2/6/2022 7:21:18 PM	Gathering spatial indexes
2/6/2022 7:21:18 PM	Gathering XML indexes
2/6/2022 7:21:18 PM	Gathering Selective XML indexes
2/6/2022 7:21:18 PM	Gathering encrypted triggers
2/6/2022 7:21:18 PM	Gathering triggers
2/6/2022 7:21:18 PM	Gathering encrypted and clr ddl triggers
2/6/2022 7:21:18 PM	Gathering ddl triggers
2/6/2022 7:21:18 PM	Gathering synonyms
2/6/2022 7:21:18 PM	Gathering defaults
2/6/2022 7:21:18 PM	Gathering data constraint uddt bindings
2/6/2022 7:21:18 PM	Gathering rules
2/6/2022 7:21:18 PM	Gathering data constraint uddt bindings
2/6/2022 7:21:18 PM	Gathering message types
2/6/2022 7:21:18 PM	Gathering queues
2/6/2022 7:21:18 PM	Gathering contracts
2/6/2022 7:21:18 PM	Gathering services
2/6/2022 7:21:18 PM	Gathering event notifications
2/6/2022 7:21:18 PM	Gathering remote service bindings
2/6/2022 7:21:18 PM	Gathering broker priorities
2/6/2022 7:21:18 PM	Gathering signatures
2/6/2022 7:21:18 PM	Gathering data compression options
2/6/2022 7:21:18 PM	Gathering sequence types
2/6/2022 7:21:18 PM	Gathering security policies
2/6/2022 7:21:18 PM	Gather column encryption keys
2/6/2022 7:21:18 PM	Gathering column master keys
2/6/2022 7:21:18 PM	Gathering external data sources
2/6/2022 7:21:18 PM	Gathering external file formats
2/6/2022 7:21:18 PM	Gathering external tables
2/6/2022 7:21:18 PM	Gathering extended properties
2/6/2022 7:21:18 PM	Gathering credentials
2/6/2022 7:21:18 PM	Gathering logins
2/6/2022 7:21:18 PM	Gathering server audits
2/6/2022 7:21:18 PM	Scanning project for duplicate elements
2/6/2022 7:21:18 PM	Finished duplicate element processing
2/6/2022 7:21:18 PM	Finished importing database.
2/6/2022 7:21:18 PM	A summary of the import was saved to the following location: C:\Mentoring\Module 8 SQL Fundamentals\Coding task\Database1\Database1\Import Schema Logs\Database1_20220206042114.log
2/6/2022 7:21:18 PM	Click Finish to continue...
